<?xml version="1.0" encoding="UTF-8"?>
<!-- Generated by org.testng.reporters.JUnitReportReporter -->
<testsuite hostname="DESKTOP-EEFI99H" failures="0" tests="4" name="testLayer.LoginTest" time="37.306" errors="0" timestamp="2024-05-10T21:36:43 EDT" skipped="0">
  <testcase classname="testLayer.LoginTest" name="Login" time="9.363"/>
  <testcase classname="testLayer.LoginTest" name="Login" time="9.962"/>
  <testcase classname="testLayer.LoginTest" name="Login" time="9.415"/>
  <testcase classname="testLayer.LoginTest" name="Title" time="8.566"/>
</testsuite> <!-- testLayer.LoginTest -->
